[debug] [2019-11-10T01:20:04.275Z] ----------------------------------------------------------------------
[debug] [2019-11-10T01:20:04.277Z] Command:       /usr/local/Cellar/node/12.9.0/bin/node /usr/local/bin/firebase deploy
[debug] [2019-11-10T01:20:04.277Z] CLI Version:   7.7.0
[debug] [2019-11-10T01:20:04.277Z] Platform:      darwin
[debug] [2019-11-10T01:20:04.277Z] Node Version:  v12.9.0
[debug] [2019-11-10T01:20:04.278Z] Time:          Sat Nov 09 2019 19:20:04 GMT-0600 (Central Standard Time)
[debug] [2019-11-10T01:20:04.278Z] ----------------------------------------------------------------------
[debug] [2019-11-10T01:20:04.278Z] 
[debug] [2019-11-10T01:20:04.282Z] > command requires scopes: ["email","openid","https://www.googleapis.com/auth/cloudplatformprojects.readonly","https://www.googleapis.com/auth/firebase","https://www.googleapis.com/auth/cloud-platform"]
[debug] [2019-11-10T01:20:04.282Z] > authorizing via signed-in user
[debug] [2019-11-10T01:20:04.283Z] [iam] checking project buseinesscardreader for permissions ["cloudfunctions.functions.create","cloudfunctions.functions.delete","cloudfunctions.functions.get","cloudfunctions.functions.list","cloudfunctions.functions.update","cloudfunctions.operations.get","firebase.projects.get","firebasedatabase.instances.update","firebasehosting.sites.update","firebaserules.releases.create","firebaserules.releases.update","firebaserules.rulesets.create"]
[debug] [2019-11-10T01:20:04.284Z] >>> HTTP REQUEST POST https://cloudresourcemanager.googleapis.com/v1/projects/buseinesscardreader:testIamPermissions  

[debug] [2019-11-10T01:20:04.480Z] <<< HTTP RESPONSE 200
[debug] [2019-11-10T01:20:04.482Z] >>> HTTP REQUEST GET https://firebase.googleapis.com/v1beta1/projects/buseinesscardreader  
 
[debug] [2019-11-10T01:20:04.647Z] <<< HTTP RESPONSE 200
[info] 
[info] === Deploying to 'buseinesscardreader'...
[info] 
[info] i  deploying database, storage, functions, hosting
[info] Running command: npm --prefix "$RESOURCE_DIR" run lint
[info] Running command: npm --prefix "$RESOURCE_DIR" run build
